<?xml version="1.0" encoding="UTF-8"?>
<!-- Generated by org.testng.reporters.JUnitReportReporter -->
<testsuite hostname="LAPTOP-0USLP61E" failures="0" tests="1" name="practiceDataDrivenTesting.CreateOrg_ReadCommonDataFromXML" time="13.170" errors="0" timestamp="2025-02-13T12:35:45 IST" skipped="0">
  <testcase classname="practiceDataDrivenTesting.CreateOrg_ReadCommonDataFromXML" name="CreateOrgTest" time="13.170"/>
</testsuite> <!-- practiceDataDrivenTesting.CreateOrg_ReadCommonDataFromXML -->
