<?xml version="1.0" encoding="UTF-8"?>
<!-- Generated by org.testng.reporters.JUnitReportReporter -->
<testsuite hostname="LAPTOP-0USLP61E" failures="0" tests="3" name="practiceTestNG.practiceDataProviderTest" time="0.008" errors="0" timestamp="2025-02-25T15:01:26 IST" skipped="0">
  <testcase classname="practiceTestNG.practiceDataProviderTest" name="SampleDataProviderTest" time="0.005"/>
  <testcase classname="practiceTestNG.practiceDataProviderTest" name="SampleDataProviderTest" time="0.001"/>
  <testcase classname="practiceTestNG.practiceDataProviderTest" name="SampleDataProviderTest" time="0.002"/>
</testsuite> <!-- practiceTestNG.practiceDataProviderTest -->
