<?xml version="1.0" encoding="UTF-8"?>
<!-- Generated by org.testng.reporters.JUnitReportReporter -->
<testsuite hostname="LAPTOP-0USLP61E" failures="0" tests="1" name="practiveBasics.ReadDataFromXMLTest" time="0.006" errors="0" timestamp="2025-02-13T12:30:29 IST" skipped="0">
  <testcase classname="practiveBasics.ReadDataFromXMLTest" name="SampleToReadFromXMLTest" time="0.006"/>
</testsuite> <!-- practiveBasics.ReadDataFromXMLTest -->
