<?xml version="1.0" encoding="UTF-8"?>
<!-- Generated by org.testng.reporters.JUnitReportReporter -->
<testsuite hostname="LAPTOP-0USLP61E" failures="0" tests="1" name="practiceDataDrivenTesting.MavenParameterFromCMDLine" time="0.008" errors="0" timestamp="2025-02-12T17:08:46 IST" skipped="0">
  <testcase classname="practiceDataDrivenTesting.MavenParameterFromCMDLine" name="SampleTestMaven" time="0.008"/>
</testsuite> <!-- practiceDataDrivenTesting.MavenParameterFromCMDLine -->
