<?xml version="1.0" encoding="UTF-8"?>
<!-- Generated by org.testng.reporters.JUnitReportReporter -->
<testsuite hostname="LAPTOP-0USLP61E" failures="0" tests="1" name="practicePOM.StaleExceptionWithPOM" time="8.136" errors="0" timestamp="2025-02-24T15:31:11 IST" skipped="0">
  <testcase classname="practicePOM.StaleExceptionWithPOM" name="HandleException" time="8.136"/>
</testsuite> <!-- practicePOM.StaleExceptionWithPOM -->
