<?xml version="1.0" encoding="UTF-8"?>
<!-- Generated by org.testng.reporters.JUnitReportReporter -->
<testsuite hostname="LAPTOP-0USLP61E" failures="0" tests="1" name="practicePOM.AutoHealing" time="9.417" errors="0" timestamp="2025-02-25T17:30:38 IST" skipped="0">
  <testcase classname="practicePOM.AutoHealing" name="login" time="9.417"/>
</testsuite> <!-- practicePOM.AutoHealing -->
