<?xml version="1.0" encoding="UTF-8"?>
<!-- Generated by org.testng.reporters.JUnitReportReporter -->
<testsuite hostname="LAPTOP-0USLP61E" failures="0" tests="4" name="practiceTestNG" time="0.012" errors="0" timestamp="2025-02-24T17:19:29 IST" skipped="0">
  <testcase classname="practiceTestNG" name="CreateOrganization" time="0.009"/>
  <testcase classname="practiceTestNG" name="CreateContact" time="0.001"/>
  <testcase classname="practiceTestNG" name="ModifyContact" time="0.001"/>
  <testcase classname="practiceTestNG" name="DeleteContact" time="0.001"/>
</testsuite> <!-- practiceTestNG -->
