<?xml version="1.0" encoding="UTF-8"?>
<!-- Generated by org.testng.reporters.JUnitReportReporter -->
<testsuite hostname="LAPTOP-0USLP61E" failures="0" tests="4" name="practiceTestNG.PracticePriorirty$practiceTestNG" time="0.007" errors="0" timestamp="2025-02-25T10:04:16 IST" skipped="0">
  <testcase classname="practiceTestNG.PracticePriorirty$practiceTestNG" name="CreateOrganization" time="0.005"/>
  <testcase classname="practiceTestNG.PracticePriorirty$practiceTestNG" name="CreateContact" time="0.000"/>
  <testcase classname="practiceTestNG.PracticePriorirty$practiceTestNG" name="ModifyContact" time="0.001"/>
  <testcase classname="practiceTestNG.PracticePriorirty$practiceTestNG" name="DeleteContact" time="0.001"/>
</testsuite> <!-- practiceTestNG.PracticePriorirty$practiceTestNG -->
