<?xml version="1.0" encoding="UTF-8"?>
<!-- Generated by org.testng.reporters.JUnitReportReporter -->
<testsuite hostname="LAPTOP-0USLP61E" failures="0" tests="8" name="practiceTestNG.practiceInvocationCount" time="0.011" errors="0" timestamp="2025-02-25T10:07:04 IST" skipped="0">
  <testcase classname="practiceTestNG.practiceInvocationCount" name="DeleteContact" time="0.000"/>
  <testcase classname="practiceTestNG.practiceInvocationCount" name="ModifyContact" time="0.001"/>
  <testcase classname="practiceTestNG.practiceInvocationCount" name="CreateContact" time="0.001"/>
  <testcase classname="practiceTestNG.practiceInvocationCount" name="CreateOrganization" time="0.001"/>
  <testcase classname="practiceTestNG.practiceInvocationCount" name="DeleteContact" time="0.001"/>
  <testcase classname="practiceTestNG.practiceInvocationCount" name="CreateContact" time="0.006"/>
  <testcase classname="practiceTestNG.practiceInvocationCount" name="DeleteContact" time="0.001"/>
  <testcase classname="practiceTestNG.practiceInvocationCount" name="DeleteContact" time="0.000"/>
</testsuite> <!-- practiceTestNG.practiceInvocationCount -->
