<?xml version="1.0" encoding="UTF-8"?>
<!-- Generated by org.testng.reporters.JUnitReportReporter -->
<testsuite hostname="LAPTOP-0USLP61E" failures="0" tests="1" name="practiceDataDrivenTesting.CreateOrg_ReadDataFromRunTimeTest" time="6.704" errors="0" timestamp="2025-02-12T16:57:04 IST" skipped="0">
  <testcase classname="practiceDataDrivenTesting.CreateOrg_ReadDataFromRunTimeTest" name="SeleniumTest" time="6.704"/>
</testsuite> <!-- practiceDataDrivenTesting.CreateOrg_ReadDataFromRunTimeTest -->
