<?xml version="1.0" encoding="UTF-8"?>
<!-- Generated by org.testng.reporters.JUnitReportReporter -->
<testsuite hostname="LAPTOP-0USLP61E" failures="0" tests="3" name="practiceTestNG.practiceDataProviderDynamicData" time="0.006" errors="0" timestamp="2025-02-25T15:17:12 IST" skipped="0">
  <testcase classname="practiceTestNG.practiceDataProviderDynamicData" name="SampleDataProviderTest" time="0.001"/>
  <testcase classname="practiceTestNG.practiceDataProviderDynamicData" name="SampleDataProviderTest" time="0.004"/>
  <testcase classname="practiceTestNG.practiceDataProviderDynamicData" name="SampleDataProviderTest" time="0.001"/>
</testsuite> <!-- practiceTestNG.practiceDataProviderDynamicData -->
